<?xml version="1.0" encoding="UTF-8"?>
<testsuite name="com.example.mountainweather.RetryPolicyTest" tests="5" skipped="0" failures="0" errors="0" timestamp="2026-02-22T13:59:07" hostname="mini" time="0.005">
  <properties/>
  <testcase name="succeeds after transient failures" classname="com.example.mountainweather.RetryPolicyTest" time="0.003"/>
  <testcase name="throws after max retries exhausted" classname="com.example.mountainweather.RetryPolicyTest" time="0.0"/>
  <testcase name="single retry fails" classname="com.example.mountainweather.RetryPolicyTest" time="0.001"/>
  <testcase name="succeeds on first attempt" classname="com.example.mountainweather.RetryPolicyTest" time="0.001"/>
  <testcase name="single retry succeeds" classname="com.example.mountainweather.RetryPolicyTest" time="0.0"/>
  <system-out><![CDATA[]]></system-out>
  <system-err><![CDATA[]]></system-err>
</testsuite>
