<?xml version="1.0" encoding="UTF-8"?>
<testsuite name="com.example.mountainweather.CircuitBreakerTest" tests="8" skipped="0" failures="0" errors="0" timestamp="2026-02-22T13:59:07" hostname="mini" time="0.051">
  <properties/>
  <testcase name="resets to CLOSED on success" classname="com.example.mountainweather.CircuitBreakerTest" time="0.002"/>
  <testcase name="execute failure records failure and rethrows" classname="com.example.mountainweather.CircuitBreakerTest" time="0.047"/>
  <testcase name="starts in CLOSED state" classname="com.example.mountainweather.CircuitBreakerTest" time="0.0"/>
  <testcase name="execute succeeds and records success" classname="com.example.mountainweather.CircuitBreakerTest" time="0.001"/>
  <testcase name="opens after reaching failure threshold" classname="com.example.mountainweather.CircuitBreakerTest" time="0.0"/>
  <testcase name="transitions to HALF_OPEN after timeout" classname="com.example.mountainweather.CircuitBreakerTest" time="0.0"/>
  <testcase name="stays CLOSED below failure threshold" classname="com.example.mountainweather.CircuitBreakerTest" time="0.0"/>
  <testcase name="execute throws CircuitOpenException when OPEN" classname="com.example.mountainweather.CircuitBreakerTest" time="0.001"/>
  <system-out><![CDATA[]]></system-out>
  <system-err><![CDATA[]]></system-err>
</testsuite>
