<?xml version="1.0" encoding="UTF-8"?>
<testsuite name="com.example.mountainweather.WeatherCodeTest" tests="13" skipped="0" failures="0" errors="0" timestamp="2026-02-22T13:59:07" hostname="mini" time="0.001">
  <properties/>
  <testcase name="wind direction southwest" classname="com.example.mountainweather.WeatherCodeTest" time="0.0"/>
  <testcase name="clear sky at night returns moon icon" classname="com.example.mountainweather.WeatherCodeTest" time="0.0"/>
  <testcase name="heavy snow returns snowflake" classname="com.example.mountainweather.WeatherCodeTest" time="0.0"/>
  <testcase name="overcast returns cloud icon" classname="com.example.mountainweather.WeatherCodeTest" time="0.0"/>
  <testcase name="fog codes return fog icon" classname="com.example.mountainweather.WeatherCodeTest" time="0.0"/>
  <testcase name="unknown code returns question mark" classname="com.example.mountainweather.WeatherCodeTest" time="0.0"/>
  <testcase name="wind direction northeast" classname="com.example.mountainweather.WeatherCodeTest" time="0.0"/>
  <testcase name="clear sky returns sun icon" classname="com.example.mountainweather.WeatherCodeTest" time="0.0"/>
  <testcase name="thunderstorm with hail" classname="com.example.mountainweather.WeatherCodeTest" time="0.0"/>
  <testcase name="wind direction north" classname="com.example.mountainweather.WeatherCodeTest" time="0.0"/>
  <testcase name="wind direction south" classname="com.example.mountainweather.WeatherCodeTest" time="0.0"/>
  <testcase name="wind direction east" classname="com.example.mountainweather.WeatherCodeTest" time="0.0"/>
  <testcase name="wind direction west" classname="com.example.mountainweather.WeatherCodeTest" time="0.0"/>
  <system-out><![CDATA[]]></system-out>
  <system-err><![CDATA[]]></system-err>
</testsuite>
