<?xml version="1.0" encoding="UTF-8"?>
<testsuite name="com.example.mountainweather.ForecastSettingsTest" tests="7" skipped="0" failures="0" errors="0" timestamp="2026-02-22T13:59:07" hostname="mini" time="0.001">
  <properties/>
  <testcase name="default settings have background sync off" classname="com.example.mountainweather.ForecastSettingsTest" time="0.0"/>
  <testcase name="daily3 and daily5 can both be false" classname="com.example.mountainweather.ForecastSettingsTest" time="0.0"/>
  <testcase name="copy preserves other fields" classname="com.example.mountainweather.ForecastSettingsTest" time="0.0"/>
  <testcase name="default settings have daily5 enabled" classname="com.example.mountainweather.ForecastSettingsTest" time="0.0"/>
  <testcase name="default settings have daily3 disabled" classname="com.example.mountainweather.ForecastSettingsTest" time="0.0"/>
  <testcase name="default settings have hourly enabled" classname="com.example.mountainweather.ForecastSettingsTest" time="0.0"/>
  <testcase name="default settings have resilient sync off" classname="com.example.mountainweather.ForecastSettingsTest" time="0.0"/>
  <system-out><![CDATA[]]></system-out>
  <system-err><![CDATA[]]></system-err>
</testsuite>
