<?xml version="1.0" encoding="UTF-8"?>
<testsuite name="com.example.mountainweather.SyncSchedulerTest" tests="4" skipped="0" failures="0" errors="0" timestamp="2026-02-22T13:59:07" hostname="mini" time="0.0">
  <properties/>
  <testcase name="all intervals are non-negative" classname="com.example.mountainweather.SyncSchedulerTest" time="0.0"/>
  <testcase name="interval options contains expected values" classname="com.example.mountainweather.SyncSchedulerTest" time="0.0"/>
  <testcase name="interval options are sorted ascending" classname="com.example.mountainweather.SyncSchedulerTest" time="0.0"/>
  <testcase name="interval options starts with zero (off)" classname="com.example.mountainweather.SyncSchedulerTest" time="0.0"/>
  <system-out><![CDATA[]]></system-out>
  <system-err><![CDATA[]]></system-err>
</testsuite>
