<?xml version="1.0" encoding="UTF-8"?>
<testsuite name="com.example.mountainweather.WeatherRepositoryKeyTest" tests="7" skipped="0" failures="0" errors="0" timestamp="2026-02-22T13:59:07" hostname="mini" time="0.005">
  <properties/>
  <testcase name="locationKey handles negative coordinates" classname="com.example.mountainweather.WeatherRepositoryKeyTest" time="0.001"/>
  <testcase name="different coordinates produce different keys" classname="com.example.mountainweather.WeatherRepositoryKeyTest" time="0.0"/>
  <testcase name="locationKey formats with two decimals" classname="com.example.mountainweather.WeatherRepositoryKeyTest" time="0.0"/>
  <testcase name="locationKey rounds correctly" classname="com.example.mountainweather.WeatherRepositoryKeyTest" time="0.0"/>
  <testcase name="locationKey always uses dot separator regardless of locale" classname="com.example.mountainweather.WeatherRepositoryKeyTest" time="0.003"/>
  <testcase name="same coordinates produce same key" classname="com.example.mountainweather.WeatherRepositoryKeyTest" time="0.0"/>
  <testcase name="locationKey handles zero" classname="com.example.mountainweather.WeatherRepositoryKeyTest" time="0.0"/>
  <system-out><![CDATA[]]></system-out>
  <system-err><![CDATA[]]></system-err>
</testsuite>
